Build started 10/27/2013 5:31:11 PM.
     1>Project "C:\Users\jhe\Downloads\Jiefeng_He_hw3\Jiefeng_He_hw3\GLSLExperiment\GLSLExperiment.vcxproj" on node 2 (build target(s)).
     1>InitializeBuildStatus:
         Creating "Debug\GLSLExperiment.unsuccessfulbuild" because "AlwaysCreate" was specified.
       ClCompile:
         c:\Program Files (x86)\Microsoft Visual Studio 10.0\VC\bin\CL.exe /c /I..\glew\lib /I..\glew\include /I..\freeglut\include\GL /ZI /nologo /W3 /WX- /Od /Oy- /D _MBCS /Gm /EHsc /RTC1 /MDd /GS /fp:precise /Zc:wchar_t /Zc:forScope /Fo"Debug\\" /Fd"Debug\vc100.pdb" /Gd /TP /analyze- /errorReport:prompt example1.cpp InitShader.cpp textfile.cpp
         textfile.cpp
         InitShader.cpp
         example1.cpp
     1>c:\users\jhe\downloads\jiefeng_he_hw3\jiefeng_he_hw3\glslexperiment\example1.cpp(248): warning C4244: 'argument' : conversion from 'time_t' to 'unsigned int', possible loss of data
     1>c:\users\jhe\downloads\jiefeng_he_hw3\jiefeng_he_hw3\glslexperiment\example1.cpp(302): warning C4244: '=' : conversion from 'double' to 'float', possible loss of data
     1>c:\users\jhe\downloads\jiefeng_he_hw3\jiefeng_he_hw3\glslexperiment\example1.cpp(304): warning C4244: '=' : conversion from 'double' to 'float', possible loss of data
     1>c:\users\jhe\downloads\jiefeng_he_hw3\jiefeng_he_hw3\glslexperiment\example1.cpp(306): warning C4244: '=' : conversion from 'double' to 'float', possible loss of data
     1>c:\users\jhe\downloads\jiefeng_he_hw3\jiefeng_he_hw3\glslexperiment\example1.cpp(542): warning C4305: 'argument' : truncation from 'double' to 'const GLfloat'
     1>c:\users\jhe\downloads\jiefeng_he_hw3\jiefeng_he_hw3\glslexperiment\example1.cpp(542): warning C4305: 'argument' : truncation from 'double' to 'const GLfloat'
     1>c:\users\jhe\downloads\jiefeng_he_hw3\jiefeng_he_hw3\glslexperiment\example1.cpp(596): warning C4244: 'argument' : conversion from 'double' to 'GLfloat', possible loss of data
     1>c:\users\jhe\downloads\jiefeng_he_hw3\jiefeng_he_hw3\glslexperiment\example1.cpp(596): warning C4244: 'argument' : conversion from 'double' to 'GLfloat', possible loss of data
     1>c:\users\jhe\downloads\jiefeng_he_hw3\jiefeng_he_hw3\glslexperiment\example1.cpp(596): warning C4244: 'argument' : conversion from 'double' to 'GLfloat', possible loss of data
     1>c:\users\jhe\downloads\jiefeng_he_hw3\jiefeng_he_hw3\glslexperiment\example1.cpp(598): warning C4244: 'argument' : conversion from 'double' to 'GLfloat', possible loss of data
     1>c:\users\jhe\downloads\jiefeng_he_hw3\jiefeng_he_hw3\glslexperiment\example1.cpp(598): warning C4244: 'argument' : conversion from 'double' to 'GLfloat', possible loss of data
     1>c:\users\jhe\downloads\jiefeng_he_hw3\jiefeng_he_hw3\glslexperiment\example1.cpp(598): warning C4244: 'argument' : conversion from 'double' to 'GLfloat', possible loss of data
     1>c:\users\jhe\downloads\jiefeng_he_hw3\jiefeng_he_hw3\glslexperiment\example1.cpp(600): warning C4244: 'argument' : conversion from 'double' to 'GLfloat', possible loss of data
     1>c:\users\jhe\downloads\jiefeng_he_hw3\jiefeng_he_hw3\glslexperiment\example1.cpp(600): warning C4244: 'argument' : conversion from 'double' to 'GLfloat', possible loss of data
     1>c:\users\jhe\downloads\jiefeng_he_hw3\jiefeng_he_hw3\glslexperiment\example1.cpp(600): warning C4244: 'argument' : conversion from 'double' to 'GLfloat', possible loss of data
     1>c:\users\jhe\downloads\jiefeng_he_hw3\jiefeng_he_hw3\glslexperiment\example1.cpp(602): warning C4244: 'argument' : conversion from 'double' to 'GLfloat', possible loss of data
     1>c:\users\jhe\downloads\jiefeng_he_hw3\jiefeng_he_hw3\glslexperiment\example1.cpp(602): warning C4244: 'argument' : conversion from 'double' to 'GLfloat', possible loss of data
     1>c:\users\jhe\downloads\jiefeng_he_hw3\jiefeng_he_hw3\glslexperiment\example1.cpp(602): warning C4244: 'argument' : conversion from 'double' to 'GLfloat', possible loss of data
     1>c:\users\jhe\downloads\jiefeng_he_hw3\jiefeng_he_hw3\glslexperiment\example1.cpp(604): warning C4244: 'argument' : conversion from 'double' to 'GLfloat', possible loss of data
     1>c:\users\jhe\downloads\jiefeng_he_hw3\jiefeng_he_hw3\glslexperiment\example1.cpp(604): warning C4244: 'argument' : conversion from 'double' to 'GLfloat', possible loss of data
     1>c:\users\jhe\downloads\jiefeng_he_hw3\jiefeng_he_hw3\glslexperiment\example1.cpp(604): warning C4244: 'argument' : conversion from 'double' to 'GLfloat', possible loss of data
     1>c:\users\jhe\downloads\jiefeng_he_hw3\jiefeng_he_hw3\glslexperiment\example1.cpp(654): warning C4244: 'argument' : conversion from 'double' to 'GLfloat', possible loss of data
     1>c:\users\jhe\downloads\jiefeng_he_hw3\jiefeng_he_hw3\glslexperiment\example1.cpp(671): warning C4244: 'argument' : conversion from 'int' to 'GLfloat', possible loss of data
     1>c:\users\jhe\downloads\jiefeng_he_hw3\jiefeng_he_hw3\glslexperiment\example1.cpp(671): warning C4244: 'argument' : conversion from 'int' to 'GLfloat', possible loss of data
     1>c:\users\jhe\downloads\jiefeng_he_hw3\jiefeng_he_hw3\glslexperiment\example1.cpp(803): warning C4305: 'argument' : truncation from 'double' to 'const GLfloat'
     1>c:\users\jhe\downloads\jiefeng_he_hw3\jiefeng_he_hw3\glslexperiment\example1.cpp(803): warning C4305: 'argument' : truncation from 'double' to 'const GLfloat'
     1>c:\users\jhe\downloads\jiefeng_he_hw3\jiefeng_he_hw3\glslexperiment\example1.cpp(803): warning C4305: 'argument' : truncation from 'double' to 'const GLfloat'
         Generating Code...
       Link:
         c:\Program Files (x86)\Microsoft Visual Studio 10.0\VC\bin\link.exe /ERRORREPORT:PROMPT /OUT:"C:\Users\jhe\Downloads\Jiefeng_He_hw3\Jiefeng_He_hw3\Debug\GLSLExperiment.exe" /NOLOGO /LIBPATH:..\glew\lib /LIBPATH:..\freeglut\lib freeglut.lib glew32.lib glew32s.lib opengl32.lib glu32.lib kernel32.lib user32.lib gdi32.lib winspool.lib comdlg32.lib advapi32.lib shell32.lib ole32.lib oleaut32.lib uuid.lib odbc32.lib odbccp32.lib /MANIFEST /ManifestFile:"Debug\GLSLExperiment.exe.intermediate.manifest" /MANIFESTUAC:"level='asInvoker' uiAccess='false'" /DEBUG /PDB:"C:\Users\jhe\Downloads\Jiefeng_He_hw3\Jiefeng_He_hw3\Debug\GLSLExperiment.pdb" /TLBID:1 /DYNAMICBASE /NXCOMPAT /IMPLIB:"C:\Users\jhe\Downloads\Jiefeng_He_hw3\Jiefeng_He_hw3\Debug\GLSLExperiment.lib" /MACHINE:X86 Debug\example1.obj
         Debug\InitShader.obj
         Debug\textfile.obj
         LINK : C:\Users\jhe\Downloads\Jiefeng_He_hw3\Jiefeng_He_hw3\Debug\GLSLExperiment.exe not found or not built by the last incremental link; performing full link
         GLSLExperiment.vcxproj -> C:\Users\jhe\Downloads\Jiefeng_He_hw3\Jiefeng_He_hw3\Debug\GLSLExperiment.exe
       Manifest:
         C:\Program Files (x86)\Microsoft SDKs\Windows\v7.0A\bin\mt.exe /nologo /verbose /outputresource:"C:\Users\jhe\Downloads\Jiefeng_He_hw3\Jiefeng_He_hw3\Debug\GLSLExperiment.exe;#1" /manifest Debug\GLSLExperiment.exe.intermediate.manifest
       FinalizeBuildStatus:
         Deleting file "Debug\GLSLExperiment.unsuccessfulbuild".
         Touching "Debug\GLSLExperiment.lastbuildstate".
     1>Done Building Project "C:\Users\jhe\Downloads\Jiefeng_He_hw3\Jiefeng_He_hw3\GLSLExperiment\GLSLExperiment.vcxproj" (build target(s)).

Build succeeded.

Time Elapsed 00:00:01.74
