Build started 9/23/2013 9:50:37 PM.
     1>Project "C:\Users\jhe\Desktop\cs543_hw1_starter_code\Graphics_Starting_Code\GLSLExperiment\GLSLExperiment.vcxproj" on node 2 (build target(s)).
     1>InitializeBuildStatus:
         Creating "Debug\GLSLExperiment.unsuccessfulbuild" because "AlwaysCreate" was specified.
       ClCompile:
         c:\Program Files (x86)\Microsoft Visual Studio 10.0\VC\bin\CL.exe /c /I..\glew\lib /I..\glew\include /I..\freeglut\include\GL /ZI /nologo /W3 /WX- /Od /Oy- /D _MBCS /Gm /EHsc /RTC1 /MDd /GS /fp:precise /Zc:wchar_t /Zc:forScope /Fo"Debug\\" /Fd"Debug\vc100.pdb" /Gd /TP /analyze- /errorReport:prompt example1.cpp
         example1.cpp
     1>c:\users\jhe\desktop\cs543_hw1_starter_code\graphics_starting_code\glslexperiment\example1.cpp(142): warning C4244: 'initializing' : conversion from 'double' to 'float', possible loss of data
     1>c:\users\jhe\desktop\cs543_hw1_starter_code\graphics_starting_code\glslexperiment\example1.cpp(145): warning C4244: 'argument' : conversion from 'float' to 'GLsizei', possible loss of data
     1>c:\users\jhe\desktop\cs543_hw1_starter_code\graphics_starting_code\glslexperiment\example1.cpp(149): warning C4244: 'argument' : conversion from 'float' to 'GLsizei', possible loss of data
     1>c:\users\jhe\desktop\cs543_hw1_starter_code\graphics_starting_code\glslexperiment\example1.cpp(184): warning C4244: 'argument' : conversion from 'int' to 'GLfloat', possible loss of data
     1>c:\users\jhe\desktop\cs543_hw1_starter_code\graphics_starting_code\glslexperiment\example1.cpp(184): warning C4244: 'argument' : conversion from 'int' to 'GLfloat', possible loss of data
     1>c:\users\jhe\desktop\cs543_hw1_starter_code\graphics_starting_code\glslexperiment\example1.cpp(189): warning C4244: 'initializing' : conversion from 'double' to 'float', possible loss of data
     1>c:\users\jhe\desktop\cs543_hw1_starter_code\graphics_starting_code\glslexperiment\example1.cpp(191): warning C4244: 'argument' : conversion from 'double' to 'GLsizei', possible loss of data
     1>c:\users\jhe\desktop\cs543_hw1_starter_code\graphics_starting_code\glslexperiment\example1.cpp(193): warning C4244: 'argument' : conversion from 'double' to 'GLsizei', possible loss of data
     1>c:\users\jhe\desktop\cs543_hw1_starter_code\graphics_starting_code\glslexperiment\example1.cpp(228): warning C4244: '=' : conversion from 'double' to 'int', possible loss of data
     1>c:\users\jhe\desktop\cs543_hw1_starter_code\graphics_starting_code\glslexperiment\example1.cpp(229): warning C4244: '=' : conversion from 'double' to 'int', possible loss of data
     1>c:\users\jhe\desktop\cs543_hw1_starter_code\graphics_starting_code\glslexperiment\example1.cpp(237): warning C4244: '=' : conversion from 'double' to 'int', possible loss of data
     1>c:\users\jhe\desktop\cs543_hw1_starter_code\graphics_starting_code\glslexperiment\example1.cpp(238): warning C4244: '=' : conversion from 'double' to 'int', possible loss of data
     1>c:\users\jhe\desktop\cs543_hw1_starter_code\graphics_starting_code\glslexperiment\example1.cpp(239): warning C4244: '=' : conversion from 'double' to 'int', possible loss of data
     1>c:\users\jhe\desktop\cs543_hw1_starter_code\graphics_starting_code\glslexperiment\example1.cpp(240): warning C4244: '=' : conversion from 'double' to 'int', possible loss of data
     1>c:\users\jhe\desktop\cs543_hw1_starter_code\graphics_starting_code\glslexperiment\example1.cpp(331): warning C4244: 'initializing' : conversion from 'double' to 'float', possible loss of data
     1>c:\users\jhe\desktop\cs543_hw1_starter_code\graphics_starting_code\glslexperiment\example1.cpp(332): warning C4244: 'initializing' : conversion from 'double' to 'float', possible loss of data
     1>c:\users\jhe\desktop\cs543_hw1_starter_code\graphics_starting_code\glslexperiment\example1.cpp(336): warning C4244: '=' : conversion from 'float' to 'int', possible loss of data
     1>c:\users\jhe\desktop\cs543_hw1_starter_code\graphics_starting_code\glslexperiment\example1.cpp(339): warning C4244: '=' : conversion from 'float' to 'int', possible loss of data
     1>c:\users\jhe\desktop\cs543_hw1_starter_code\graphics_starting_code\glslexperiment\example1.cpp(346): warning C4244: '=' : conversion from 'double' to 'int', possible loss of data
     1>c:\users\jhe\desktop\cs543_hw1_starter_code\graphics_starting_code\glslexperiment\example1.cpp(347): warning C4244: '=' : conversion from 'double' to 'int', possible loss of data
     1>c:\users\jhe\desktop\cs543_hw1_starter_code\graphics_starting_code\glslexperiment\example1.cpp(375): warning C4244: '=' : conversion from 'double' to 'int', possible loss of data
     1>c:\users\jhe\desktop\cs543_hw1_starter_code\graphics_starting_code\glslexperiment\example1.cpp(396): warning C4244: 'initializing' : conversion from 'double' to 'float', possible loss of data
     1>c:\users\jhe\desktop\cs543_hw1_starter_code\graphics_starting_code\glslexperiment\example1.cpp(397): warning C4244: 'initializing' : conversion from 'double' to 'float', possible loss of data
     1>c:\users\jhe\desktop\cs543_hw1_starter_code\graphics_starting_code\glslexperiment\example1.cpp(401): warning C4244: '=' : conversion from 'float' to 'int', possible loss of data
     1>c:\users\jhe\desktop\cs543_hw1_starter_code\graphics_starting_code\glslexperiment\example1.cpp(404): warning C4244: '=' : conversion from 'float' to 'int', possible loss of data
     1>c:\users\jhe\desktop\cs543_hw1_starter_code\graphics_starting_code\glslexperiment\example1.cpp(411): warning C4244: '=' : conversion from 'double' to 'int', possible loss of data
     1>c:\users\jhe\desktop\cs543_hw1_starter_code\graphics_starting_code\glslexperiment\example1.cpp(412): warning C4244: '=' : conversion from 'double' to 'int', possible loss of data
     1>c:\users\jhe\desktop\cs543_hw1_starter_code\graphics_starting_code\glslexperiment\example1.cpp(416): warning C4244: 'argument' : conversion from 'int' to 'GLfloat', possible loss of data
     1>c:\users\jhe\desktop\cs543_hw1_starter_code\graphics_starting_code\glslexperiment\example1.cpp(416): warning C4244: 'argument' : conversion from 'int' to 'GLfloat', possible loss of data
     1>c:\users\jhe\desktop\cs543_hw1_starter_code\graphics_starting_code\glslexperiment\example1.cpp(418): warning C4244: 'initializing' : conversion from 'double' to 'float', possible loss of data
     1>c:\users\jhe\desktop\cs543_hw1_starter_code\graphics_starting_code\glslexperiment\example1.cpp(419): warning C4244: 'initializing' : conversion from 'double' to 'float', possible loss of data
     1>c:\users\jhe\desktop\cs543_hw1_starter_code\graphics_starting_code\glslexperiment\example1.cpp(422): warning C4244: 'argument' : conversion from 'float' to 'GLsizei', possible loss of data
     1>c:\users\jhe\desktop\cs543_hw1_starter_code\graphics_starting_code\glslexperiment\example1.cpp(425): warning C4244: 'argument' : conversion from 'float' to 'GLsizei', possible loss of data
     1>c:\users\jhe\desktop\cs543_hw1_starter_code\graphics_starting_code\glslexperiment\example1.cpp(431): warning C4244: 'argument' : conversion from 'double' to 'const GLfloat', possible loss of data
     1>c:\users\jhe\desktop\cs543_hw1_starter_code\graphics_starting_code\glslexperiment\example1.cpp(431): warning C4244: 'argument' : conversion from 'double' to 'const GLfloat', possible loss of data
     1>c:\users\jhe\desktop\cs543_hw1_starter_code\graphics_starting_code\glslexperiment\example1.cpp(439): warning C4244: 'argument' : conversion from 'int' to 'GLfloat', possible loss of data
     1>c:\users\jhe\desktop\cs543_hw1_starter_code\graphics_starting_code\glslexperiment\example1.cpp(439): warning C4244: 'argument' : conversion from 'int' to 'GLfloat', possible loss of data
     1>c:\users\jhe\desktop\cs543_hw1_starter_code\graphics_starting_code\glslexperiment\example1.cpp(444): warning C4244: 'initializing' : conversion from 'double' to 'float', possible loss of data
     1>c:\users\jhe\desktop\cs543_hw1_starter_code\graphics_starting_code\glslexperiment\example1.cpp(445): warning C4244: 'initializing' : conversion from 'double' to 'float', possible loss of data
     1>c:\users\jhe\desktop\cs543_hw1_starter_code\graphics_starting_code\glslexperiment\example1.cpp(448): warning C4244: 'argument' : conversion from 'float' to 'GLsizei', possible loss of data
     1>c:\users\jhe\desktop\cs543_hw1_starter_code\graphics_starting_code\glslexperiment\example1.cpp(451): warning C4244: 'argument' : conversion from 'float' to 'GLsizei', possible loss of data
     1>c:\users\jhe\desktop\cs543_hw1_starter_code\graphics_starting_code\glslexperiment\example1.cpp(457): warning C4244: 'argument' : conversion from 'double' to 'const GLfloat', possible loss of data
     1>c:\users\jhe\desktop\cs543_hw1_starter_code\graphics_starting_code\glslexperiment\example1.cpp(457): warning C4244: 'argument' : conversion from 'double' to 'const GLfloat', possible loss of data
     1>c:\users\jhe\desktop\cs543_hw1_starter_code\graphics_starting_code\glslexperiment\example1.cpp(504): warning C4244: 'initializing' : conversion from 'double' to 'float', possible loss of data
     1>c:\users\jhe\desktop\cs543_hw1_starter_code\graphics_starting_code\glslexperiment\example1.cpp(505): warning C4244: 'initializing' : conversion from 'double' to 'float', possible loss of data
     1>c:\users\jhe\desktop\cs543_hw1_starter_code\graphics_starting_code\glslexperiment\example1.cpp(508): warning C4244: 'argument' : conversion from 'float' to 'GLsizei', possible loss of data
     1>c:\users\jhe\desktop\cs543_hw1_starter_code\graphics_starting_code\glslexperiment\example1.cpp(511): warning C4244: 'argument' : conversion from 'float' to 'GLsizei', possible loss of data
     1>c:\users\jhe\desktop\cs543_hw1_starter_code\graphics_starting_code\glslexperiment\example1.cpp(518): warning C4244: 'argument' : conversion from 'double' to 'const GLfloat', possible loss of data
     1>c:\users\jhe\desktop\cs543_hw1_starter_code\graphics_starting_code\glslexperiment\example1.cpp(518): warning C4244: 'argument' : conversion from 'double' to 'const GLfloat', possible loss of data
     1>c:\users\jhe\desktop\cs543_hw1_starter_code\graphics_starting_code\glslexperiment\example1.cpp(544): warning C4244: 'initializing' : conversion from 'double' to 'float', possible loss of data
     1>c:\users\jhe\desktop\cs543_hw1_starter_code\graphics_starting_code\glslexperiment\example1.cpp(545): warning C4244: 'initializing' : conversion from 'double' to 'float', possible loss of data
     1>c:\users\jhe\desktop\cs543_hw1_starter_code\graphics_starting_code\glslexperiment\example1.cpp(549): warning C4244: '=' : conversion from 'float' to 'int', possible loss of data
     1>c:\users\jhe\desktop\cs543_hw1_starter_code\graphics_starting_code\glslexperiment\example1.cpp(552): warning C4244: '=' : conversion from 'float' to 'int', possible loss of data
     1>c:\users\jhe\desktop\cs543_hw1_starter_code\graphics_starting_code\glslexperiment\example1.cpp(559): warning C4244: '=' : conversion from 'double' to 'int', possible loss of data
     1>c:\users\jhe\desktop\cs543_hw1_starter_code\graphics_starting_code\glslexperiment\example1.cpp(560): warning C4244: '=' : conversion from 'double' to 'int', possible loss of data
     1>c:\users\jhe\desktop\cs543_hw1_starter_code\graphics_starting_code\glslexperiment\example1.cpp(561): warning C4244: 'argument' : conversion from 'int' to 'GLfloat', possible loss of data
     1>c:\users\jhe\desktop\cs543_hw1_starter_code\graphics_starting_code\glslexperiment\example1.cpp(561): warning C4244: 'argument' : conversion from 'int' to 'GLfloat', possible loss of data
     1>c:\users\jhe\desktop\cs543_hw1_starter_code\graphics_starting_code\glslexperiment\example1.cpp(583): warning C4244: 'argument' : conversion from 'time_t' to 'unsigned int', possible loss of data
       Link:
         c:\Program Files (x86)\Microsoft Visual Studio 10.0\VC\bin\link.exe /ERRORREPORT:PROMPT /OUT:"C:\Users\jhe\Desktop\cs543_hw1_starter_code\Graphics_Starting_Code\Debug\GLSLExperiment.exe" /NOLOGO /LIBPATH:..\glew\lib /LIBPATH:..\freeglut\lib freeglut.lib glew32.lib glew32s.lib opengl32.lib glu32.lib kernel32.lib user32.lib gdi32.lib winspool.lib comdlg32.lib advapi32.lib shell32.lib ole32.lib oleaut32.lib uuid.lib odbc32.lib odbccp32.lib /MANIFEST /ManifestFile:"Debug\GLSLExperiment.exe.intermediate.manifest" /MANIFESTUAC:"level='asInvoker' uiAccess='false'" /DEBUG /PDB:"C:\Users\jhe\Desktop\cs543_hw1_starter_code\Graphics_Starting_Code\Debug\GLSLExperiment.pdb" /TLBID:1 /DYNAMICBASE /NXCOMPAT /IMPLIB:"C:\Users\jhe\Desktop\cs543_hw1_starter_code\Graphics_Starting_Code\Debug\GLSLExperiment.lib" /MACHINE:X86 Debug\example1.obj
         Debug\InitShader.obj
         Debug\textfile.obj
         LINK : C:\Users\jhe\Desktop\cs543_hw1_starter_code\Graphics_Starting_Code\Debug\GLSLExperiment.exe not found or not built by the last incremental link; performing full link
         GLSLExperiment.vcxproj -> C:\Users\jhe\Desktop\cs543_hw1_starter_code\Graphics_Starting_Code\Debug\GLSLExperiment.exe
       Manifest:
         C:\Program Files (x86)\Microsoft SDKs\Windows\v7.0A\bin\mt.exe /nologo /verbose /outputresource:"C:\Users\jhe\Desktop\cs543_hw1_starter_code\Graphics_Starting_Code\Debug\GLSLExperiment.exe;#1" /manifest Debug\GLSLExperiment.exe.intermediate.manifest
       FinalizeBuildStatus:
         Deleting file "Debug\GLSLExperiment.unsuccessfulbuild".
         Touching "Debug\GLSLExperiment.lastbuildstate".
     1>Done Building Project "C:\Users\jhe\Desktop\cs543_hw1_starter_code\Graphics_Starting_Code\GLSLExperiment\GLSLExperiment.vcxproj" (build target(s)).

Build succeeded.

Time Elapsed 00:00:01.08
